<?xml version="1.0" encoding="UTF-8"?>
<!-- Generated by org.testng.reporters.JUnitReportReporter -->
<testsuite skipped="0" hostname="Success-PC" name="TestComponent.SanityTests" tests="4" failures="0" timestamp="25 Mar 2022 03:36:02 GMT" time="68.474" errors="0">
  <testcase name="Testcaseone" time="10.057" classname="TestComponent.SanityTests"/>
  <testcase name="Testcasefour" time="10.608" classname="TestComponent.SanityTests"/>
  <testcase name="Testcasetwo" time="29.153" classname="TestComponent.SanityTests"/>
  <testcase name="Testcasethree" time="18.656" classname="TestComponent.SanityTests"/>
</testsuite> <!-- TestComponent.SanityTests -->
