<?xml version="1.0" encoding="UTF-8"?>
<!-- Generated by org.testng.reporters.JUnitReportReporter -->
<testsuite skipped="0" hostname="Success-PC" name="TestComponent.Demoguru99" tests="3" failures="0" timestamp="07 Jul 2022 09:34:31 GMT" time="187.359" errors="0">
  <testcase name="Testcase1" time="68.402" classname="TestComponent.Demoguru99"/>
  <testcase name="Testcase2" time="63.969" classname="TestComponent.Demoguru99"/>
  <testcase name="Testcase3" time="54.988" classname="TestComponent.Demoguru99"/>
</testsuite> <!-- TestComponent.Demoguru99 -->
